<?xml version="1.0" encoding="UTF-8"?>
<!-- Generated by org.testng.reporters.JUnitXMLReporter -->
<testsuite ignored="0" hostname="DESKTOP-OIOR21N" failures="0" tests="7" name="New Test" time="11.076" errors="0" timestamp="2024-12-08T11:07:15 IST">
  <testcase classname="Day42.OrangeHRMTest" name="openApp" time="5.418"/>
  <testcase classname="Day42.OrangeHRMTest" name="logoStatus" time="5.075"/>
  <testcase classname="Day42.OrangeHRMTest" name="loginApp" time="0.309"/>
  <testcase classname="Day42.OrangeHRMTest" name="closeApp" time="0.214"/>
  <testcase classname="Day42.FirstTestCase" name="openApp" time="0.006"/>
  <testcase classname="Day42.FirstTestCase" name="login" time="0.0"/>
  <testcase classname="Day42.FirstTestCase" name="logout" time="0.005"/>
</testsuite> <!-- New Test -->
