<?xml version="1.0" encoding="UTF-8"?>
<!-- Generated by org.testng.reporters.JUnitXMLReporter -->
<testsuite ignored="5" hostname="DESKTOP-OIOR21N" failures="0" tests="3" name="groupingTests" time="0.072" errors="0" timestamp="2024-12-12T13:02:53 IST">
  <testcase classname="Day44.LoginTests" name="loginByEmail" time="0.013"/>
  <testcase classname="Day44.LoginTests" name="loginByFacebook" time="0.001"/>
  <testcase classname="Day44.LoginTests" name="loginByTwitter" time="0.001"/>
  <testcase classname="Day44.SignUp" name="signUpByEmail" time="0.0">
    <ignored/>
  </testcase> <!-- signUpByEmail -->
  <testcase classname="Day44.SignUp" name="signUpByTwitter" time="0.0">
    <ignored/>
  </testcase> <!-- signUpByTwitter -->
  <testcase classname="Day44.Payment" name="paymentByCreditCard" time="0.0">
    <ignored/>
  </testcase> <!-- paymentByCreditCard -->
  <testcase classname="Day44.Payment" name="paymentByDabitCard" time="0.0">
    <ignored/>
  </testcase> <!-- paymentByDabitCard -->
  <testcase classname="Day44.SignUp" name="signUpByFacebook" time="0.0">
    <ignored/>
  </testcase> <!-- signUpByFacebook -->
</testsuite> <!-- groupingTests -->
