<?xml version="1.0" encoding="UTF-8"?>
<testng-results ignored="0" total="1" passed="1" failed="0" skipped="0">
  <reporter-output>
  </reporter-output>
  <suite started-at="2024-12-18T19:16:41 IST" name="Suite" finished-at="2024-12-18T19:16:54 IST" duration-ms="12422">
    <groups>
    </groups>
    <test started-at="2024-12-18T19:16:41 IST" name="Test" finished-at="2024-12-18T19:16:54 IST" duration-ms="12422">
      <class name="Day47.LoginTest">
        <test-method is-config="true" signature="setUp()[pri:0, instance:Day47.LoginTest@1b11171f]" started-at="2024-12-18T19:16:41 IST" name="setUp" finished-at="2024-12-18T19:16:51 IST" duration-ms="9565" status="PASS">
          <reporter-output>
          </reporter-output>
        </test-method> <!-- setUp -->
        <test-method signature="loginTest()[pri:0, instance:Day47.LoginTest@1b11171f]" started-at="2024-12-18T19:16:51 IST" name="loginTest" finished-at="2024-12-18T19:16:53 IST" duration-ms="2484" status="PASS">
          <reporter-output>
          </reporter-output>
        </test-method> <!-- loginTest -->
        <test-method is-config="true" signature="tearDown()[pri:0, instance:Day47.LoginTest@1b11171f]" started-at="2024-12-18T19:16:53 IST" name="tearDown" finished-at="2024-12-18T19:16:54 IST" duration-ms="295" status="PASS">
          <reporter-output>
          </reporter-output>
        </test-method> <!-- tearDown -->
      </class> <!-- Day47.LoginTest -->
    </test> <!-- Test -->
  </suite> <!-- Suite -->
</testng-results>
